2025-01-07 14:34:26: 
> splus-cert-gamification@0.1.0 start
> next start -p 3000

2025-01-07 14:34:27: 2025-01-07 14:34:33: 
> splus-cert-gamification@0.1.0 start
> next start -p 3000

2025-01-07 14:34:33: 2025-01-07 14:34:38: 
> splus-cert-gamification@0.1.0 start
> next start -p 3000

2025-01-07 14:34:39: 2025-01-07 14:34:45: 
> splus-cert-gamification@0.1.0 start
> next start -p 3000

2025-01-07 14:34:46: 2025-01-07 14:34:51: 
> splus-cert-gamification@0.1.0 start
> next start -p 3000

2025-01-07 14:34:52: 2025-01-07 14:34:57: 
> splus-cert-gamification@0.1.0 start
> next start -p 3000

2025-01-07 14:34:57: 2025-01-07 14:35:03: 
> splus-cert-gamification@0.1.0 start
> next start -p 3000

2025-01-07 14:35:04: 2025-01-07 14:35:09: 
> splus-cert-gamification@0.1.0 start
> next start -p 3000

2025-01-07 14:35:10: 2025-01-07 14:35:15: 
> splus-cert-gamification@0.1.0 start
> next start -p 3000

2025-01-07 14:35:16: 2025-01-07 14:35:21: 
> splus-cert-gamification@0.1.0 start
> next start -p 3000

2025-01-07 14:35:22: 2025-01-07 14:35:27: 
> splus-cert-gamification@0.1.0 start
> next start -p 3000

2025-01-07 14:35:28: 2025-01-07 14:35:33: 
> splus-cert-gamification@0.1.0 start
> next start -p 3000

2025-01-07 14:35:34: 2025-01-07 14:35:39: 
> splus-cert-gamification@0.1.0 start
> next start -p 3000

2025-01-07 14:35:40: 2025-01-07 14:35:45: 
> splus-cert-gamification@0.1.0 start
> next start -p 3000

2025-01-07 14:35:46: 2025-01-07 14:35:52: 
> splus-cert-gamification@0.1.0 start
> next start -p 3000

2025-01-07 14:35:53: 2025-01-07 14:35:58: 
> splus-cert-gamification@0.1.0 start
> next start -p 3000

2025-01-07 14:35:59: 2025-01-07 14:36:05: 
> splus-cert-gamification@0.1.0 start
> next start -p 3000

2025-01-07 14:36:05: 2025-01-07 14:36:11: 
> splus-cert-gamification@0.1.0 start
> next start -p 3000

2025-01-07 14:36:12: 2025-01-07 14:36:18: 
> splus-cert-gamification@0.1.0 start
> next start -p 3000

2025-01-07 14:36:19: 2025-01-07 14:36:25: 
> splus-cert-gamification@0.1.0 start
> next start -p 3000

2025-01-07 14:36:25: 2025-01-07 14:36:31: 
> splus-cert-gamification@0.1.0 start
> next start -p 3000

2025-01-07 14:36:32: 2025-01-07 14:36:37: 
> splus-cert-gamification@0.1.0 start
> next start -p 3000

2025-01-07 14:36:38: 2025-01-07 14:36:43: 
> splus-cert-gamification@0.1.0 start
> next start -p 3000

2025-01-07 14:36:44: 2025-01-07 14:36:49: 
> splus-cert-gamification@0.1.0 start
> next start -p 3000

2025-01-07 14:36:50: 2025-01-07 14:36:56: 
> splus-cert-gamification@0.1.0 start
> next start -p 3000

2025-01-07 14:36:56: 2025-01-07 14:37:02: 
> splus-cert-gamification@0.1.0 start
> next start -p 3000

2025-01-07 14:37:02: 2025-01-07 14:37:08: 
> splus-cert-gamification@0.1.0 start
> next start -p 3000

2025-01-07 14:37:09: 2025-01-07 14:37:14: 
> splus-cert-gamification@0.1.0 start
> next start -p 3000

2025-01-07 14:37:15: 2025-01-07 14:37:20: 
> splus-cert-gamification@0.1.0 start
> next start -p 3000

2025-01-07 14:37:21: 2025-01-07 14:37:26: 
> splus-cert-gamification@0.1.0 start
> next start -p 3000

2025-01-07 14:37:27: 2025-01-07 14:37:32: 
> splus-cert-gamification@0.1.0 start
> next start -p 3000

2025-01-07 14:37:33: 2025-01-07 14:37:38: 
> splus-cert-gamification@0.1.0 start
> next start -p 3000

2025-01-07 14:37:39: 2025-01-07 14:37:44: 
> splus-cert-gamification@0.1.0 start
> next start -p 3000

2025-01-07 14:37:45: 2025-01-07 14:37:50: 
> splus-cert-gamification@0.1.0 start
> next start -p 3000

2025-01-07 14:37:51: 2025-01-07 14:37:56: 
> splus-cert-gamification@0.1.0 start
> next start -p 3000

2025-01-07 14:37:57: 2025-01-07 14:38:02: 
> splus-cert-gamification@0.1.0 start
> next start -p 3000

2025-01-07 14:38:03: 2025-01-07 14:38:09: 
> splus-cert-gamification@0.1.0 start
> next start -p 3000

2025-01-07 14:38:09: 2025-01-07 14:38:15: 
> splus-cert-gamification@0.1.0 start
> next start -p 3000

2025-01-07 14:38:15: 2025-01-07 14:38:21: 
> splus-cert-gamification@0.1.0 start
> next start -p 3000

2025-01-07 14:38:21: 2025-01-07 14:38:27: 
> splus-cert-gamification@0.1.0 start
> next start -p 3000

2025-01-07 14:38:27: 2025-01-07 14:38:33: 
> splus-cert-gamification@0.1.0 start
> next start -p 3000

2025-01-07 14:38:33: 2025-01-07 14:38:39: 
> splus-cert-gamification@0.1.0 start
> next start -p 3000

2025-01-07 14:38:39: 2025-01-07 14:38:45: 
> splus-cert-gamification@0.1.0 start
> next start -p 3000

2025-01-07 14:38:45: 2025-01-07 14:38:51: 
> splus-cert-gamification@0.1.0 start
> next start -p 3000

2025-01-07 14:38:51: 2025-01-07 14:38:57: 
> splus-cert-gamification@0.1.0 start
> next start -p 3000

2025-01-07 14:38:57: 2025-01-07 14:39:03: 
> splus-cert-gamification@0.1.0 start
> next start -p 3000

2025-01-07 14:39:04: 2025-01-07 14:39:09: 
> splus-cert-gamification@0.1.0 start
> next start -p 3000

2025-01-07 14:39:10: 2025-01-07 14:39:15: 
> splus-cert-gamification@0.1.0 start
> next start -p 3000

2025-01-07 14:39:16: 2025-01-07 14:39:22: 
> splus-cert-gamification@0.1.0 start
> next start -p 3000

2025-01-07 14:39:22: 2025-01-07 14:39:28: 
> splus-cert-gamification@0.1.0 start
> next start -p 3000

2025-01-07 14:39:29: 2025-01-07 14:39:34: 
> splus-cert-gamification@0.1.0 start
> next start -p 3000

2025-01-07 14:39:35: 2025-01-07 14:39:40: 
> splus-cert-gamification@0.1.0 start
> next start -p 3000

2025-01-07 14:39:41: 2025-01-07 14:39:46: 
> splus-cert-gamification@0.1.0 start
> next start -p 3000

2025-01-07 14:39:47: 2025-01-07 14:39:52: 
> splus-cert-gamification@0.1.0 start
> next start -p 3000

2025-01-07 14:39:53: 2025-01-07 14:39:58: 
> splus-cert-gamification@0.1.0 start
> next start -p 3000

2025-01-07 14:40:13: 
> splus-cert-gamification@0.1.0 start
> next start -p 3000

2025-01-07 14:40:14: 2025-01-07 14:40:20: 
> splus-cert-gamification@0.1.0 start
> next start -p 3000

2025-01-07 14:40:21: 2025-01-07 14:40:26: 
> splus-cert-gamification@0.1.0 start
> next start -p 3000

2025-01-07 14:40:27: 2025-01-07 14:40:33: 
> splus-cert-gamification@0.1.0 start
> next start -p 3000

2025-01-07 14:40:33: 2025-01-07 14:40:39: 
> splus-cert-gamification@0.1.0 start
> next start -p 3000

2025-01-07 14:40:39: 2025-01-07 14:40:45: 
> splus-cert-gamification@0.1.0 start
> next start -p 3000

2025-01-07 14:40:45: 2025-01-07 14:40:51: 
> splus-cert-gamification@0.1.0 start
> next start -p 3000

2025-01-07 14:40:51: 2025-01-07 14:41:02: 
> splus-cert-gamification@0.1.0 start
> next start -p 3000

2025-01-07 14:41:03: 2025-01-07 14:41:08: 
> splus-cert-gamification@0.1.0 start
> next start -p 3000

2025-01-07 14:41:09: 2025-01-07 14:41:14: 
> splus-cert-gamification@0.1.0 start
> next start -p 3000

2025-01-07 14:41:15: 2025-01-07 14:41:20: 
> splus-cert-gamification@0.1.0 start
> next start -p 3000

2025-01-07 14:41:21: 2025-01-07 14:41:27: 
> splus-cert-gamification@0.1.0 start
> next start -p 3000

2025-01-07 14:41:27: 2025-01-07 14:41:33: 
> splus-cert-gamification@0.1.0 start
> next start -p 3000

2025-01-07 14:41:33: 2025-01-07 14:41:39: 
> splus-cert-gamification@0.1.0 start
> next start -p 3000

2025-01-07 14:41:39: 2025-01-07 14:41:45: 
> splus-cert-gamification@0.1.0 start
> next start -p 3000

2025-01-07 14:41:45: 2025-01-07 14:41:51: 
> splus-cert-gamification@0.1.0 start
> next start -p 3000

2025-01-07 14:41:51: 2025-01-07 14:41:57: 
> splus-cert-gamification@0.1.0 start
> next start -p 3000

2025-01-07 14:41:57: 2025-01-07 14:42:03: 
> splus-cert-gamification@0.1.0 start
> next start -p 3000

2025-01-07 14:42:03: 2025-01-07 14:42:09: 
> splus-cert-gamification@0.1.0 start
> next start -p 3000

2025-01-07 14:42:09: 2025-01-07 14:42:14: 
> splus-cert-gamification@0.1.0 start
> next start -p 3000

2025-01-07 14:42:15: 2025-01-07 14:42:20: 
> splus-cert-gamification@0.1.0 start
> next start -p 3000

2025-01-07 14:42:21: 2025-01-07 14:42:26: 
> splus-cert-gamification@0.1.0 start
> next start -p 3000

2025-01-07 14:42:27: 2025-01-07 14:42:32: 
> splus-cert-gamification@0.1.0 start
> next start -p 3000

2025-01-07 14:42:33: 2025-01-07 14:42:38: 
> splus-cert-gamification@0.1.0 start
> next start -p 3000

2025-01-07 14:42:39: 2025-01-07 14:42:44: 
> splus-cert-gamification@0.1.0 start
> next start -p 3000

2025-01-07 14:42:45: 2025-01-07 14:42:50: 
> splus-cert-gamification@0.1.0 start
> next start -p 3000

2025-01-07 14:42:51: 2025-01-07 14:42:57: 
> splus-cert-gamification@0.1.0 start
> next start -p 3000

2025-01-07 14:42:57: 2025-01-07 14:43:03: 
> splus-cert-gamification@0.1.0 start
> next start -p 3000

2025-01-07 14:43:03: 2025-01-07 14:43:09: 
> splus-cert-gamification@0.1.0 start
> next start -p 3000

2025-01-07 14:43:09: 2025-01-07 14:43:15: 
> splus-cert-gamification@0.1.0 start
> next start -p 3000

2025-01-07 14:43:15: 2025-01-07 14:43:21: 
> splus-cert-gamification@0.1.0 start
> next start -p 3000

2025-01-07 14:43:22: 2025-01-07 14:43:27: 
> splus-cert-gamification@0.1.0 start
> next start -p 3000

2025-01-07 14:43:28: 2025-01-07 14:43:33: 
> splus-cert-gamification@0.1.0 start
> next start -p 3000

2025-01-07 14:43:34: 2025-01-07 14:43:39: 
> splus-cert-gamification@0.1.0 start
> next start -p 3000

2025-01-07 14:43:40: 2025-01-07 14:43:45: 
> splus-cert-gamification@0.1.0 start
> next start -p 3000

2025-01-07 14:43:46: 2025-01-07 14:43:51: 
> splus-cert-gamification@0.1.0 start
> next start -p 3000

2025-01-07 14:43:52: 2025-01-07 14:43:57: 
> splus-cert-gamification@0.1.0 start
> next start -p 3000

2025-01-07 14:43:58: 2025-01-07 14:44:03: 
> splus-cert-gamification@0.1.0 start
> next start -p 3000

2025-01-07 14:44:04: 2025-01-07 14:44:10: 
> splus-cert-gamification@0.1.0 start
> next start -p 3000

2025-01-07 14:44:10: 2025-01-07 14:44:16: 
> splus-cert-gamification@0.1.0 start
> next start -p 3000

2025-01-07 14:44:17: 2025-01-07 14:44:28: 
> splus-cert-gamification@0.1.0 start
> next start -p 3000

2025-01-07 14:46:44: 
> splus-cert-gamification@0.1.0 start
> next start -p 3000

2025-01-07 14:49:34: 
> splus-cert-gamification@0.1.0 start
> next start -p 3000

2025-01-10 10:01:39: 
> splus-cert-gamification@0.1.0 start
> next start -p 3000

2025-01-10 10:01:40: 2025-01-10 10:01:46: 
> splus-cert-gamification@0.1.0 start
> next start -p 3000

2025-01-10 10:01:47: 2025-01-10 10:01:52: 
> splus-cert-gamification@0.1.0 start
> next start -p 3000

2025-01-10 10:01:53: 2025-01-10 10:01:58: 
> splus-cert-gamification@0.1.0 start
> next start -p 3000

2025-01-10 10:01:59: 2025-01-10 10:02:04: 
> splus-cert-gamification@0.1.0 start
> next start -p 3000

2025-01-10 10:02:05: 2025-01-10 10:02:10: 
> splus-cert-gamification@0.1.0 start
> next start -p 3000

2025-01-10 10:02:11: 2025-01-10 10:02:16: 
> splus-cert-gamification@0.1.0 start
> next start -p 3000

2025-01-10 10:02:17: 2025-01-10 10:02:22: 
> splus-cert-gamification@0.1.0 start
> next start -p 3000

2025-01-10 10:02:23: 2025-01-10 10:02:28: 
> splus-cert-gamification@0.1.0 start
> next start -p 3000

2025-01-10 10:02:29: 2025-01-10 10:02:34: 
> splus-cert-gamification@0.1.0 start
> next start -p 3000

2025-01-10 10:02:35: 2025-01-10 10:02:40: 
> splus-cert-gamification@0.1.0 start
> next start -p 3000

2025-01-10 10:02:41: 2025-01-10 10:02:46: 
> splus-cert-gamification@0.1.0 start
> next start -p 3000

2025-01-10 10:02:47: 2025-01-10 10:02:52: 
> splus-cert-gamification@0.1.0 start
> next start -p 3000

2025-01-10 10:02:52: 2025-01-10 10:02:58: 
> splus-cert-gamification@0.1.0 start
> next start -p 3000

2025-01-10 10:02:58: 2025-01-10 10:03:04: 
> splus-cert-gamification@0.1.0 start
> next start -p 3000

2025-01-10 10:03:04: 2025-01-10 10:03:10: 
> splus-cert-gamification@0.1.0 start
> next start -p 3000

2025-01-10 10:03:11: 2025-01-10 10:03:17: 
> splus-cert-gamification@0.1.0 start
> next start -p 3000

2025-01-10 10:03:18: 2025-01-10 10:03:24: 
> splus-cert-gamification@0.1.0 start
> next start -p 3000

2025-01-10 10:03:24: 2025-01-10 10:03:30: 
> splus-cert-gamification@0.1.0 start
> next start -p 3000

2025-01-10 10:03:31: 2025-01-10 10:03:37: 
> splus-cert-gamification@0.1.0 start
> next start -p 3000

2025-01-10 10:03:37: 2025-01-10 10:03:43: 
> splus-cert-gamification@0.1.0 start
> next start -p 3000

2025-01-10 10:03:43: 2025-01-10 10:03:49: 
> splus-cert-gamification@0.1.0 start
> next start -p 3000

2025-01-10 10:03:50: 2025-01-10 10:03:55: 
> splus-cert-gamification@0.1.0 start
> next start -p 3000

2025-01-10 10:03:55: 2025-01-10 10:04:01: 
> splus-cert-gamification@0.1.0 start
> next start -p 3000

2025-01-10 10:04:01: 2025-01-10 10:04:07: 
> splus-cert-gamification@0.1.0 start
> next start -p 3000

2025-01-10 10:04:07: 2025-01-10 10:04:13: 
> splus-cert-gamification@0.1.0 start
> next start -p 3000

2025-01-10 10:04:13: 2025-01-10 10:04:19: 
> splus-cert-gamification@0.1.0 start
> next start -p 3000

2025-01-10 10:04:19: 2025-01-10 10:04:25: 
> splus-cert-gamification@0.1.0 start
> next start -p 3000

2025-01-10 10:04:26: 2025-01-10 10:04:31: 
> splus-cert-gamification@0.1.0 start
> next start -p 3000

2025-01-10 10:04:32: 2025-01-10 10:04:37: 
> splus-cert-gamification@0.1.0 start
> next start -p 3000

2025-01-10 10:04:38: 2025-01-10 10:04:44: 
> splus-cert-gamification@0.1.0 start
> next start -p 3000

2025-01-10 10:04:44: 2025-01-10 10:04:50: 
> splus-cert-gamification@0.1.0 start
> next start -p 3000

2025-01-10 10:04:50: 2025-01-10 10:04:56: 
> splus-cert-gamification@0.1.0 start
> next start -p 3000

2025-01-10 10:04:57: 2025-01-10 10:05:03: 
> splus-cert-gamification@0.1.0 start
> next start -p 3000

2025-01-10 10:05:04: 2025-01-10 10:05:09: 
> splus-cert-gamification@0.1.0 start
> next start -p 3000

2025-01-10 10:05:10: 2025-01-10 10:05:15: 
> splus-cert-gamification@0.1.0 start
> next start -p 3000

2025-01-10 10:05:16: 2025-01-10 10:05:22: 
> splus-cert-gamification@0.1.0 start
> next start -p 3000

2025-01-10 10:05:23: 2025-01-10 10:05:28: 
> splus-cert-gamification@0.1.0 start
> next start -p 3000

2025-01-10 10:05:29: 2025-01-10 10:05:35: 
> splus-cert-gamification@0.1.0 start
> next start -p 3000

2025-01-10 10:05:35: 2025-01-10 10:05:41: 
> splus-cert-gamification@0.1.0 start
> next start -p 3000

2025-01-10 10:05:42: 2025-01-10 10:05:47: 
> splus-cert-gamification@0.1.0 start
> next start -p 3000

2025-01-10 10:05:48: 2025-01-10 10:05:53: 
> splus-cert-gamification@0.1.0 start
> next start -p 3000

2025-01-10 10:05:54: 2025-01-10 10:05:59: 
> splus-cert-gamification@0.1.0 start
> next start -p 3000

2025-01-10 10:06:00: 2025-01-10 10:06:06: 
> splus-cert-gamification@0.1.0 start
> next start -p 3000

2025-01-10 10:06:06: 2025-01-10 10:06:11: 
> splus-cert-gamification@0.1.0 start
> next start -p 3000

2025-01-10 10:06:12: 2025-01-10 10:06:17: 
> splus-cert-gamification@0.1.0 start
> next start -p 3000

2025-01-10 10:06:18: 2025-01-10 10:06:24: 
> splus-cert-gamification@0.1.0 start
> next start -p 3000

2025-01-10 10:06:24: 2025-01-10 10:06:30: 
> splus-cert-gamification@0.1.0 start
> next start -p 3000

2025-01-10 10:06:30: 2025-01-10 10:06:35: 
> splus-cert-gamification@0.1.0 start
> next start -p 3000

2025-01-10 10:06:36: 2025-01-10 10:06:42: 
> splus-cert-gamification@0.1.0 start
> next start -p 3000

2025-01-10 10:06:42: 2025-01-10 10:06:48: 
> splus-cert-gamification@0.1.0 start
> next start -p 3000

2025-01-10 10:06:48: 2025-01-10 10:06:54: 
> splus-cert-gamification@0.1.0 start
> next start -p 3000

2025-01-10 10:06:54: 2025-01-10 10:07:00: 
> splus-cert-gamification@0.1.0 start
> next start -p 3000

2025-01-10 10:07:00: 2025-01-10 10:07:06: 
> splus-cert-gamification@0.1.0 start
> next start -p 3000

2025-01-10 10:07:06: 2025-01-10 10:07:12: 
> splus-cert-gamification@0.1.0 start
> next start -p 3000

2025-01-10 10:07:12: 2025-01-10 10:07:17: 
> splus-cert-gamification@0.1.0 start
> next start -p 3000

2025-01-10 10:07:18: 2025-01-10 10:07:23: 
> splus-cert-gamification@0.1.0 start
> next start -p 3000

2025-01-10 10:07:24: 2025-01-10 10:07:29: 
> splus-cert-gamification@0.1.0 start
> next start -p 3000

2025-01-10 10:07:29: 2025-01-10 10:07:35: 
> splus-cert-gamification@0.1.0 start
> next start -p 3000

2025-01-10 10:07:35: 2025-01-10 10:07:40: 
> splus-cert-gamification@0.1.0 start
> next start -p 3000

2025-01-10 10:07:41: 2025-01-10 10:07:46: 
> splus-cert-gamification@0.1.0 start
> next start -p 3000

2025-01-10 10:07:47: 2025-01-10 10:07:52: 
> splus-cert-gamification@0.1.0 start
> next start -p 3000

2025-01-10 10:07:53: 2025-01-10 10:07:58: 
> splus-cert-gamification@0.1.0 start
> next start -p 3000

2025-01-10 10:07:59: 2025-01-10 10:08:04: 
> splus-cert-gamification@0.1.0 start
> next start -p 3000

2025-01-10 10:08:05: 2025-01-10 10:08:10: 
> splus-cert-gamification@0.1.0 start
> next start -p 3000

2025-01-10 10:08:10: 2025-01-10 10:08:16: 
> splus-cert-gamification@0.1.0 start
> next start -p 3000

2025-01-10 10:08:16: 2025-01-10 10:08:22: 
> splus-cert-gamification@0.1.0 start
> next start -p 3000

2025-01-10 10:08:22: 2025-01-10 10:08:27: 
> splus-cert-gamification@0.1.0 start
> next start -p 3000

2025-01-10 10:08:28: 2025-01-10 10:08:33: 
> splus-cert-gamification@0.1.0 start
> next start -p 3000

2025-01-10 10:08:34: 2025-01-10 10:08:39: 
> splus-cert-gamification@0.1.0 start
> next start -p 3000

2025-01-10 10:08:39: 2025-01-10 10:08:45: 
> splus-cert-gamification@0.1.0 start
> next start -p 3000

2025-01-10 10:08:45: 2025-01-10 10:08:50: 
> splus-cert-gamification@0.1.0 start
> next start -p 3000

2025-01-10 10:08:51: 2025-01-10 10:08:56: 
> splus-cert-gamification@0.1.0 start
> next start -p 3000

2025-01-10 10:08:57: 2025-01-10 10:09:02: 
> splus-cert-gamification@0.1.0 start
> next start -p 3000

2025-01-10 10:09:03: 2025-01-10 10:09:08: 
> splus-cert-gamification@0.1.0 start
> next start -p 3000

2025-01-10 10:09:09: 2025-01-10 10:09:14: 
> splus-cert-gamification@0.1.0 start
> next start -p 3000

2025-01-10 10:09:14: 2025-01-10 10:09:20: 
> splus-cert-gamification@0.1.0 start
> next start -p 3000

2025-01-10 10:09:20: 2025-01-10 10:09:26: 
> splus-cert-gamification@0.1.0 start
> next start -p 3000

2025-01-10 10:09:26: 2025-01-10 10:09:31: 
> splus-cert-gamification@0.1.0 start
> next start -p 3000

2025-01-10 10:09:32: 2025-01-10 10:09:37: 
> splus-cert-gamification@0.1.0 start
> next start -p 3000

2025-01-10 10:09:38: 2025-01-10 10:09:43: 
> splus-cert-gamification@0.1.0 start
> next start -p 3000

2025-01-10 10:09:43: 2025-01-10 10:09:49: 
> splus-cert-gamification@0.1.0 start
> next start -p 3000

2025-01-10 10:09:49: 2025-01-10 10:09:55: 
> splus-cert-gamification@0.1.0 start
> next start -p 3000

2025-01-10 10:09:55: 2025-01-10 10:10:01: 
> splus-cert-gamification@0.1.0 start
> next start -p 3000

2025-01-10 10:10:01: 2025-01-10 10:10:06: 
> splus-cert-gamification@0.1.0 start
> next start -p 3000

2025-01-10 10:10:07: 2025-01-10 10:10:12: 
> splus-cert-gamification@0.1.0 start
> next start -p 3000

2025-01-10 10:10:13: 2025-01-10 10:10:18: 
> splus-cert-gamification@0.1.0 start
> next start -p 3000

2025-01-10 10:10:18: 2025-01-10 10:10:24: 
> splus-cert-gamification@0.1.0 start
> next start -p 3000

2025-01-10 10:10:24: 2025-01-10 10:10:30: 
> splus-cert-gamification@0.1.0 start
> next start -p 3000

2025-01-10 10:10:30: 2025-01-10 10:10:36: 
> splus-cert-gamification@0.1.0 start
> next start -p 3000

2025-01-10 10:10:36: 2025-01-10 10:10:41: 
> splus-cert-gamification@0.1.0 start
> next start -p 3000

2025-01-10 10:10:42: 2025-01-10 10:10:47: 
> splus-cert-gamification@0.1.0 start
> next start -p 3000

2025-01-10 10:10:47: 2025-01-10 10:10:53: 
> splus-cert-gamification@0.1.0 start
> next start -p 3000

2025-01-10 10:10:53: 2025-01-10 10:10:59: 
> splus-cert-gamification@0.1.0 start
> next start -p 3000

2025-01-10 10:10:59: 2025-01-10 10:11:04: 
> splus-cert-gamification@0.1.0 start
> next start -p 3000

2025-01-10 10:11:05: 2025-01-10 10:11:10: 
> splus-cert-gamification@0.1.0 start
> next start -p 3000

2025-01-10 10:11:11: 2025-01-10 10:11:16: 
> splus-cert-gamification@0.1.0 start
> next start -p 3000

2025-01-10 10:11:16: 2025-01-10 10:11:22: 
> splus-cert-gamification@0.1.0 start
> next start -p 3000

2025-01-10 10:11:22: 2025-01-10 10:11:28: 
> splus-cert-gamification@0.1.0 start
> next start -p 3000

2025-01-10 10:11:28: 2025-01-10 10:11:33: 
> splus-cert-gamification@0.1.0 start
> next start -p 3000

2025-01-10 10:11:34: 2025-01-10 10:11:39: 
> splus-cert-gamification@0.1.0 start
> next start -p 3000

2025-01-10 10:11:39: 2025-01-10 10:11:45: 
> splus-cert-gamification@0.1.0 start
> next start -p 3000

2025-01-10 10:11:45: 2025-01-10 10:11:51: 
> splus-cert-gamification@0.1.0 start
> next start -p 3000

2025-01-10 10:11:51: 2025-01-10 10:11:57: 
> splus-cert-gamification@0.1.0 start
> next start -p 3000

2025-01-10 10:11:57: 2025-01-10 10:12:03: 
> splus-cert-gamification@0.1.0 start
> next start -p 3000

2025-01-10 10:12:03: 2025-01-10 10:12:08: 
> splus-cert-gamification@0.1.0 start
> next start -p 3000

2025-01-10 10:12:09: 2025-01-10 10:12:14: 
> splus-cert-gamification@0.1.0 start
> next start -p 3000

2025-01-10 10:12:14: 2025-01-10 10:12:20: 
> splus-cert-gamification@0.1.0 start
> next start -p 3000

2025-01-10 10:12:20: 2025-01-10 10:12:26: 
> splus-cert-gamification@0.1.0 start
> next start -p 3000

2025-01-10 10:12:26: 2025-01-10 10:12:31: 
> splus-cert-gamification@0.1.0 start
> next start -p 3000

2025-01-10 10:12:32: 2025-01-10 10:12:37: 
> splus-cert-gamification@0.1.0 start
> next start -p 3000

2025-01-10 10:12:38: 2025-01-10 10:12:43: 
> splus-cert-gamification@0.1.0 start
> next start -p 3000

2025-01-10 10:12:44: 2025-01-10 10:12:49: 
> splus-cert-gamification@0.1.0 start
> next start -p 3000

2025-01-10 10:12:50: 2025-01-10 10:12:55: 
> splus-cert-gamification@0.1.0 start
> next start -p 3000

2025-01-10 10:12:56: 2025-01-10 10:13:02: 
> splus-cert-gamification@0.1.0 start
> next start -p 3000

2025-01-10 10:13:02: 2025-01-10 10:13:08: 
> splus-cert-gamification@0.1.0 start
> next start -p 3000

2025-01-10 10:13:08: 2025-01-10 10:13:14: 
> splus-cert-gamification@0.1.0 start
> next start -p 3000

2025-01-10 10:13:14: 2025-01-10 10:13:20: 
> splus-cert-gamification@0.1.0 start
> next start -p 3000

2025-01-10 10:13:20: 2025-01-10 10:13:26: 
> splus-cert-gamification@0.1.0 start
> next start -p 3000

2025-01-10 10:13:26: 2025-01-10 10:13:32: 
> splus-cert-gamification@0.1.0 start
> next start -p 3000

2025-01-10 10:13:32: 2025-01-10 10:13:38: 
> splus-cert-gamification@0.1.0 start
> next start -p 3000

2025-01-10 10:13:38: 2025-01-10 10:13:44: 
> splus-cert-gamification@0.1.0 start
> next start -p 3000

2025-01-10 10:13:44: 2025-01-10 10:13:50: 
> splus-cert-gamification@0.1.0 start
> next start -p 3000

2025-01-10 10:13:50: 2025-01-10 10:13:56: 
> splus-cert-gamification@0.1.0 start
> next start -p 3000

2025-01-10 10:13:56: 2025-01-10 10:14:02: 
> splus-cert-gamification@0.1.0 start
> next start -p 3000

2025-01-10 10:14:02: 2025-01-10 10:14:08: 
> splus-cert-gamification@0.1.0 start
> next start -p 3000

2025-01-10 10:14:08: 2025-01-10 10:14:14: 
> splus-cert-gamification@0.1.0 start
> next start -p 3000

2025-01-10 10:14:14: 2025-01-10 10:14:20: 
> splus-cert-gamification@0.1.0 start
> next start -p 3000

2025-01-10 10:14:20: 2025-01-10 10:14:26: 
> splus-cert-gamification@0.1.0 start
> next start -p 3000

2025-01-10 10:14:26: 2025-01-10 10:14:32: 
> splus-cert-gamification@0.1.0 start
> next start -p 3000

2025-01-10 10:14:32: 2025-01-10 10:14:38: 
> splus-cert-gamification@0.1.0 start
> next start -p 3000

2025-01-10 10:14:38: 2025-01-10 10:14:44: 
> splus-cert-gamification@0.1.0 start
> next start -p 3000

2025-01-10 10:14:44: 2025-01-10 10:14:50: 
> splus-cert-gamification@0.1.0 start
> next start -p 3000

2025-01-10 10:14:50: 2025-01-10 10:14:56: 
> splus-cert-gamification@0.1.0 start
> next start -p 3000

2025-01-10 10:14:56: 2025-01-10 10:15:02: 
> splus-cert-gamification@0.1.0 start
> next start -p 3000

2025-01-10 10:15:02: 2025-01-10 10:15:08: 
> splus-cert-gamification@0.1.0 start
> next start -p 3000

2025-01-10 10:15:08: 2025-01-10 10:15:14: 
> splus-cert-gamification@0.1.0 start
> next start -p 3000

2025-01-10 10:15:14: 2025-01-10 10:15:20: 
> splus-cert-gamification@0.1.0 start
> next start -p 3000

2025-01-10 10:15:20: 2025-01-10 10:15:26: 
> splus-cert-gamification@0.1.0 start
> next start -p 3000

2025-01-10 10:15:26: 2025-01-10 10:15:32: 
> splus-cert-gamification@0.1.0 start
> next start -p 3000

2025-01-10 10:15:32: 2025-01-10 10:15:38: 
> splus-cert-gamification@0.1.0 start
> next start -p 3000

2025-01-10 10:15:38: 2025-01-10 10:15:44: 
> splus-cert-gamification@0.1.0 start
> next start -p 3000

2025-01-10 10:15:44: 2025-01-10 10:15:50: 
> splus-cert-gamification@0.1.0 start
> next start -p 3000

2025-01-10 10:15:50: 2025-01-10 10:15:56: 
> splus-cert-gamification@0.1.0 start
> next start -p 3000

2025-01-10 10:15:56: 2025-01-10 10:16:02: 
> splus-cert-gamification@0.1.0 start
> next start -p 3000

2025-01-10 10:16:02: 2025-01-10 10:16:08: 
> splus-cert-gamification@0.1.0 start
> next start -p 3000

2025-01-10 10:16:08: 2025-01-10 10:16:14: 
> splus-cert-gamification@0.1.0 start
> next start -p 3000

2025-01-10 10:16:15: 2025-01-10 10:16:20: 
> splus-cert-gamification@0.1.0 start
> next start -p 3000

2025-01-10 10:16:21: 2025-01-10 10:16:26: 
> splus-cert-gamification@0.1.0 start
> next start -p 3000

2025-01-10 10:16:26: 2025-01-10 10:16:32: 
> splus-cert-gamification@0.1.0 start
> next start -p 3000

2025-01-10 10:16:33: 2025-01-10 10:16:38: 
> splus-cert-gamification@0.1.0 start
> next start -p 3000

2025-01-10 10:16:39: 2025-01-10 10:16:44: 
> splus-cert-gamification@0.1.0 start
> next start -p 3000

2025-01-10 10:16:45: 2025-01-10 10:16:50: 
> splus-cert-gamification@0.1.0 start
> next start -p 3000

2025-01-10 10:16:51: 2025-01-10 10:16:56: 
> splus-cert-gamification@0.1.0 start
> next start -p 3000

2025-01-10 10:16:57: 2025-01-10 10:17:02: 
> splus-cert-gamification@0.1.0 start
> next start -p 3000

2025-01-10 10:17:03: 2025-01-10 10:17:08: 
> splus-cert-gamification@0.1.0 start
> next start -p 3000

2025-01-10 10:17:09: 2025-01-10 10:17:14: 
> splus-cert-gamification@0.1.0 start
> next start -p 3000

2025-01-10 10:17:15: 2025-01-10 10:17:20: 
> splus-cert-gamification@0.1.0 start
> next start -p 3000

2025-01-10 10:17:21: 2025-01-10 10:17:26: 
> splus-cert-gamification@0.1.0 start
> next start -p 3000

2025-01-10 10:17:26: 2025-01-10 10:17:32: 
> splus-cert-gamification@0.1.0 start
> next start -p 3000

2025-01-10 10:17:32: 2025-01-10 10:17:37: 
> splus-cert-gamification@0.1.0 start
> next start -p 3000

2025-01-10 10:17:38: 2025-01-10 10:17:43: 
> splus-cert-gamification@0.1.0 start
> next start -p 3000

2025-01-10 10:17:43: 2025-01-10 10:17:49: 
> splus-cert-gamification@0.1.0 start
> next start -p 3000

2025-01-10 10:17:49: 2025-01-10 10:17:55: 
> splus-cert-gamification@0.1.0 start
> next start -p 3000

2025-01-10 10:17:55: 2025-01-10 10:18:00: 
> splus-cert-gamification@0.1.0 start
> next start -p 3000

2025-01-10 10:18:01: 2025-01-10 10:18:06: 
> splus-cert-gamification@0.1.0 start
> next start -p 3000

2025-01-10 10:18:06: 2025-01-10 10:18:12: 
> splus-cert-gamification@0.1.0 start
> next start -p 3000

2025-01-10 10:18:12: 2025-01-10 10:18:18: 
> splus-cert-gamification@0.1.0 start
> next start -p 3000

2025-01-10 10:18:18: 2025-01-10 10:18:23: 
> splus-cert-gamification@0.1.0 start
> next start -p 3000

2025-01-10 10:18:24: 2025-01-10 10:18:29: 
> splus-cert-gamification@0.1.0 start
> next start -p 3000

2025-01-10 10:18:30: 2025-01-10 10:18:35: 
> splus-cert-gamification@0.1.0 start
> next start -p 3000

2025-01-10 10:18:35: 2025-01-10 10:18:41: 
> splus-cert-gamification@0.1.0 start
> next start -p 3000

2025-01-10 10:18:41: 2025-01-10 10:18:46: 
> splus-cert-gamification@0.1.0 start
> next start -p 3000

2025-01-10 10:18:47: 2025-01-10 10:18:52: 
> splus-cert-gamification@0.1.0 start
> next start -p 3000

2025-01-10 10:18:52: 2025-01-10 10:18:58: 
> splus-cert-gamification@0.1.0 start
> next start -p 3000

2025-01-10 10:18:58: 2025-01-10 10:19:04: 
> splus-cert-gamification@0.1.0 start
> next start -p 3000

2025-01-10 10:19:04: 2025-01-10 10:19:10: 
> splus-cert-gamification@0.1.0 start
> next start -p 3000

2025-01-10 10:19:10: 2025-01-10 10:19:15: 
> splus-cert-gamification@0.1.0 start
> next start -p 3000

2025-01-10 10:19:16: 2025-01-10 10:19:21: 
> splus-cert-gamification@0.1.0 start
> next start -p 3000

2025-01-10 10:19:22: 2025-01-10 10:19:27: 
> splus-cert-gamification@0.1.0 start
> next start -p 3000

2025-01-10 10:19:28: 2025-01-10 10:19:33: 
> splus-cert-gamification@0.1.0 start
> next start -p 3000

2025-01-10 10:19:33: 2025-01-10 10:19:39: 
> splus-cert-gamification@0.1.0 start
> next start -p 3000

2025-01-10 10:19:39: 2025-01-10 10:19:44: 
> splus-cert-gamification@0.1.0 start
> next start -p 3000

2025-01-10 10:19:45: 2025-01-10 10:19:50: 
> splus-cert-gamification@0.1.0 start
> next start -p 3000

2025-01-10 10:19:51: 2025-01-10 10:19:56: 
> splus-cert-gamification@0.1.0 start
> next start -p 3000

2025-01-10 10:19:56: 2025-01-10 10:20:02: 
> splus-cert-gamification@0.1.0 start
> next start -p 3000

2025-01-10 10:20:03: 2025-01-10 10:20:08: 
> splus-cert-gamification@0.1.0 start
> next start -p 3000

2025-01-10 10:20:09: 2025-01-10 10:20:14: 
> splus-cert-gamification@0.1.0 start
> next start -p 3000

2025-01-10 10:20:14: 2025-01-10 10:20:20: 
> splus-cert-gamification@0.1.0 start
> next start -p 3000

2025-01-10 10:20:20: 2025-01-10 10:20:26: 
> splus-cert-gamification@0.1.0 start
> next start -p 3000

2025-01-10 10:20:26: 2025-01-10 10:20:31: 
> splus-cert-gamification@0.1.0 start
> next start -p 3000

2025-01-10 10:20:32: 2025-01-10 10:20:37: 
> splus-cert-gamification@0.1.0 start
> next start -p 3000

2025-01-10 10:20:37: 2025-01-10 10:20:43: 
> splus-cert-gamification@0.1.0 start
> next start -p 3000

2025-01-10 10:20:43: 2025-01-10 10:20:49: 
> splus-cert-gamification@0.1.0 start
> next start -p 3000

2025-01-10 10:20:49: 2025-01-10 10:20:55: 
> splus-cert-gamification@0.1.0 start
> next start -p 3000

2025-01-10 10:20:55: 2025-01-10 10:21:00: 
> splus-cert-gamification@0.1.0 start
> next start -p 3000

2025-01-10 10:21:01: 2025-01-10 10:21:06: 
> splus-cert-gamification@0.1.0 start
> next start -p 3000

2025-01-10 10:21:07: 2025-01-10 10:21:12: 
> splus-cert-gamification@0.1.0 start
> next start -p 3000

2025-01-10 10:21:13: 2025-01-10 10:21:18: 
> splus-cert-gamification@0.1.0 start
> next start -p 3000

2025-01-10 10:21:18: 2025-01-10 10:21:24: 
> splus-cert-gamification@0.1.0 start
> next start -p 3000

2025-01-10 10:21:24: 2025-01-10 10:21:29: 
> splus-cert-gamification@0.1.0 start
> next start -p 3000

2025-01-10 10:21:30: 2025-01-10 10:21:35: 
> splus-cert-gamification@0.1.0 start
> next start -p 3000

2025-01-10 10:21:36: 2025-01-10 10:21:41: 
> splus-cert-gamification@0.1.0 start
> next start -p 3000

2025-01-10 10:21:41: 2025-01-10 10:21:47: 
> splus-cert-gamification@0.1.0 start
> next start -p 3000

2025-01-10 10:21:47: 2025-01-10 10:21:53: 
> splus-cert-gamification@0.1.0 start
> next start -p 3000

2025-01-10 10:21:53: 2025-01-10 10:21:58: 
> splus-cert-gamification@0.1.0 start
> next start -p 3000

2025-01-10 10:21:59: 2025-01-10 10:22:04: 
> splus-cert-gamification@0.1.0 start
> next start -p 3000

2025-01-10 10:22:04: 2025-01-10 10:22:10: 
> splus-cert-gamification@0.1.0 start
> next start -p 3000

2025-01-10 10:22:10: 2025-01-10 10:22:16: 
> splus-cert-gamification@0.1.0 start
> next start -p 3000

2025-01-10 10:22:16: 2025-01-10 10:22:21: 
> splus-cert-gamification@0.1.0 start
> next start -p 3000

2025-01-10 10:22:22: 2025-01-10 10:22:27: 
> splus-cert-gamification@0.1.0 start
> next start -p 3000

2025-01-10 10:22:27: 2025-01-10 10:22:33: 
> splus-cert-gamification@0.1.0 start
> next start -p 3000

2025-01-10 10:22:33: 2025-01-10 10:22:39: 
> splus-cert-gamification@0.1.0 start
> next start -p 3000

2025-01-10 10:22:39: 2025-01-10 10:22:44: 
> splus-cert-gamification@0.1.0 start
> next start -p 3000

2025-01-10 10:22:45: 2025-01-10 10:22:50: 
> splus-cert-gamification@0.1.0 start
> next start -p 3000

2025-01-10 10:22:51: 2025-01-10 10:22:56: 
> splus-cert-gamification@0.1.0 start
> next start -p 3000

2025-01-10 10:22:56: 2025-01-10 10:23:02: 
> splus-cert-gamification@0.1.0 start
> next start -p 3000

2025-01-10 10:23:02: 2025-01-10 10:23:08: 
> splus-cert-gamification@0.1.0 start
> next start -p 3000

2025-01-10 10:23:08: 2025-01-10 10:23:13: 
> splus-cert-gamification@0.1.0 start
> next start -p 3000

2025-01-10 10:23:14: 2025-01-10 10:23:19: 
> splus-cert-gamification@0.1.0 start
> next start -p 3000

2025-01-10 10:23:20: 2025-01-10 10:23:25: 
> splus-cert-gamification@0.1.0 start
> next start -p 3000

2025-01-10 10:23:26: 2025-01-10 10:23:31: 
> splus-cert-gamification@0.1.0 start
> next start -p 3000

2025-01-10 10:23:31: 2025-01-10 10:23:37: 
> splus-cert-gamification@0.1.0 start
> next start -p 3000

2025-01-10 10:23:37: 2025-01-10 10:23:42: 
> splus-cert-gamification@0.1.0 start
> next start -p 3000

2025-01-10 10:23:43: 2025-01-10 10:23:48: 
> splus-cert-gamification@0.1.0 start
> next start -p 3000

2025-01-10 10:23:49: 2025-01-10 10:23:54: 
> splus-cert-gamification@0.1.0 start
> next start -p 3000

2025-01-10 10:23:54: 2025-01-10 10:24:00: 
> splus-cert-gamification@0.1.0 start
> next start -p 3000

2025-01-10 10:24:00: 2025-01-10 10:24:06: 
> splus-cert-gamification@0.1.0 start
> next start -p 3000

2025-01-10 10:24:06: 2025-01-10 10:24:12: 
> splus-cert-gamification@0.1.0 start
> next start -p 3000

2025-01-10 10:24:12: 2025-01-10 10:24:17: 
> splus-cert-gamification@0.1.0 start
> next start -p 3000

2025-01-10 10:24:18: 2025-01-10 10:24:23: 
> splus-cert-gamification@0.1.0 start
> next start -p 3000

2025-01-10 10:24:24: 2025-01-10 10:24:29: 
> splus-cert-gamification@0.1.0 start
> next start -p 3000

2025-01-10 10:24:30: 2025-01-10 10:24:35: 
> splus-cert-gamification@0.1.0 start
> next start -p 3000

2025-01-10 10:24:35: 2025-01-10 10:24:41: 
> splus-cert-gamification@0.1.0 start
> next start -p 3000

2025-01-10 10:24:41: 2025-01-10 10:24:46: 
> splus-cert-gamification@0.1.0 start
> next start -p 3000

2025-01-10 10:24:47: 2025-01-10 10:24:52: 
> splus-cert-gamification@0.1.0 start
> next start -p 3000

2025-01-10 10:24:53: 2025-01-10 10:24:58: 
> splus-cert-gamification@0.1.0 start
> next start -p 3000

2025-01-10 10:24:58: 2025-01-10 10:25:04: 
> splus-cert-gamification@0.1.0 start
> next start -p 3000

2025-01-10 10:25:04: 2025-01-10 10:25:09: 
> splus-cert-gamification@0.1.0 start
> next start -p 3000

2025-01-10 10:25:10: 2025-01-10 10:25:15: 
> splus-cert-gamification@0.1.0 start
> next start -p 3000

2025-01-10 10:25:16: 2025-01-10 10:25:21: 
> splus-cert-gamification@0.1.0 start
> next start -p 3000

2025-01-10 10:25:21: 2025-01-10 10:25:27: 
> splus-cert-gamification@0.1.0 start
> next start -p 3000

2025-01-10 10:25:27: 2025-01-10 10:25:33: 
> splus-cert-gamification@0.1.0 start
> next start -p 3000

2025-01-10 10:25:33: 2025-01-10 10:25:38: 
> splus-cert-gamification@0.1.0 start
> next start -p 3000

2025-01-10 10:25:39: 2025-01-10 10:25:44: 
> splus-cert-gamification@0.1.0 start
> next start -p 3000

2025-01-10 10:25:44: 2025-01-10 10:25:50: 
> splus-cert-gamification@0.1.0 start
> next start -p 3000

2025-01-10 10:25:50: 2025-01-10 10:25:56: 
> splus-cert-gamification@0.1.0 start
> next start -p 3000

2025-01-10 10:25:56: 2025-01-10 10:26:02: 
> splus-cert-gamification@0.1.0 start
> next start -p 3000

2025-01-10 10:26:03: 2025-01-10 10:26:08: 
> splus-cert-gamification@0.1.0 start
> next start -p 3000

2025-01-10 10:26:08: 2025-01-10 10:26:14: 
> splus-cert-gamification@0.1.0 start
> next start -p 3000

2025-01-10 10:26:14: 2025-01-10 10:26:20: 
> splus-cert-gamification@0.1.0 start
> next start -p 3000

2025-01-10 10:26:20: 2025-01-10 10:26:25: 
> splus-cert-gamification@0.1.0 start
> next start -p 3000

2025-01-10 10:26:26: 2025-01-10 10:26:31: 
> splus-cert-gamification@0.1.0 start
> next start -p 3000

2025-01-10 10:26:32: 2025-01-10 10:26:37: 
> splus-cert-gamification@0.1.0 start
> next start -p 3000

2025-01-10 10:26:38: 2025-01-10 10:26:43: 
> splus-cert-gamification@0.1.0 start
> next start -p 3000

2025-01-10 10:26:43: 2025-01-10 10:26:49: 
> splus-cert-gamification@0.1.0 start
> next start -p 3000

2025-01-10 10:26:49: 2025-01-10 10:26:55: 
> splus-cert-gamification@0.1.0 start
> next start -p 3000

2025-01-10 10:26:55: 2025-01-10 10:27:00: 
> splus-cert-gamification@0.1.0 start
> next start -p 3000

2025-01-10 10:27:01: 2025-01-10 10:27:06: 
> splus-cert-gamification@0.1.0 start
> next start -p 3000

2025-01-10 10:27:06: 2025-01-10 10:27:12: 
> splus-cert-gamification@0.1.0 start
> next start -p 3000

2025-01-10 10:27:12: 2025-01-10 10:27:17: 
> splus-cert-gamification@0.1.0 start
> next start -p 3000

2025-01-10 10:27:18: 2025-01-10 10:27:23: 
> splus-cert-gamification@0.1.0 start
> next start -p 3000

2025-01-10 10:27:24: 2025-01-10 10:27:29: 
> splus-cert-gamification@0.1.0 start
> next start -p 3000

2025-01-10 10:27:29: 2025-01-10 10:27:35: 
> splus-cert-gamification@0.1.0 start
> next start -p 3000

2025-01-10 10:27:35: 2025-01-10 10:27:41: 
> splus-cert-gamification@0.1.0 start
> next start -p 3000

2025-01-10 10:27:41: 2025-01-10 10:27:46: 
> splus-cert-gamification@0.1.0 start
> next start -p 3000

2025-01-10 10:27:47: 2025-01-10 10:27:52: 
> splus-cert-gamification@0.1.0 start
> next start -p 3000

2025-01-10 10:27:53: 2025-01-10 10:27:58: 
> splus-cert-gamification@0.1.0 start
> next start -p 3000

2025-01-10 10:27:59: 2025-01-10 10:28:04: 
> splus-cert-gamification@0.1.0 start
> next start -p 3000

2025-01-10 10:28:04: 2025-01-10 10:28:10: 
> splus-cert-gamification@0.1.0 start
> next start -p 3000

2025-01-10 10:28:10: 2025-01-10 10:28:15: 
> splus-cert-gamification@0.1.0 start
> next start -p 3000

2025-01-10 10:28:16: 2025-01-10 10:28:21: 
> splus-cert-gamification@0.1.0 start
> next start -p 3000

2025-01-10 10:28:22: 2025-01-10 10:28:27: 
> splus-cert-gamification@0.1.0 start
> next start -p 3000

2025-01-10 10:28:27: 2025-01-10 10:28:33: 
> splus-cert-gamification@0.1.0 start
> next start -p 3000

2025-01-10 10:28:33: 2025-01-10 10:28:38: 
> splus-cert-gamification@0.1.0 start
> next start -p 3000

2025-01-10 10:28:39: 2025-01-10 10:28:44: 
> splus-cert-gamification@0.1.0 start
> next start -p 3000

2025-01-10 10:28:45: 2025-01-10 10:28:50: 
> splus-cert-gamification@0.1.0 start
> next start -p 3000

2025-01-10 10:28:50: 2025-01-10 10:28:56: 
> splus-cert-gamification@0.1.0 start
> next start -p 3000

2025-01-10 10:28:56: 2025-01-10 10:29:02: 
> splus-cert-gamification@0.1.0 start
> next start -p 3000

2025-01-10 10:29:03: 2025-01-10 10:29:08: 
> splus-cert-gamification@0.1.0 start
> next start -p 3000

2025-01-10 10:29:08: 2025-01-10 10:29:14: 
> splus-cert-gamification@0.1.0 start
> next start -p 3000

2025-01-10 10:29:14: 2025-01-10 10:29:19: 
> splus-cert-gamification@0.1.0 start
> next start -p 3000

2025-01-10 10:29:20: 2025-01-10 10:29:25: 
> splus-cert-gamification@0.1.0 start
> next start -p 3000

2025-01-10 10:29:25: 2025-01-10 10:29:31: 
> splus-cert-gamification@0.1.0 start
> next start -p 3000

2025-01-10 10:29:31: 2025-01-10 10:29:37: 
> splus-cert-gamification@0.1.0 start
> next start -p 3000

2025-01-10 10:29:37: 2025-01-10 10:29:42: 
> splus-cert-gamification@0.1.0 start
> next start -p 3000

2025-01-10 10:29:43: 2025-01-10 10:29:48: 
> splus-cert-gamification@0.1.0 start
> next start -p 3000

2025-01-10 10:29:48: 2025-01-10 10:29:54: 
> splus-cert-gamification@0.1.0 start
> next start -p 3000

2025-01-10 10:29:54: 2025-01-10 10:30:00: 
> splus-cert-gamification@0.1.0 start
> next start -p 3000

2025-01-10 10:30:00: 2025-01-10 10:30:06: 
> splus-cert-gamification@0.1.0 start
> next start -p 3000

2025-01-10 10:30:06: 2025-01-10 10:30:12: 
> splus-cert-gamification@0.1.0 start
> next start -p 3000

2025-01-10 10:30:12: 2025-01-10 10:30:17: 
> splus-cert-gamification@0.1.0 start
> next start -p 3000

2025-01-10 10:30:18: 2025-01-10 10:30:23: 
> splus-cert-gamification@0.1.0 start
> next start -p 3000

2025-01-10 10:30:23: 2025-01-10 10:30:29: 
> splus-cert-gamification@0.1.0 start
> next start -p 3000

2025-01-10 10:30:29: 2025-01-10 10:30:35: 
> splus-cert-gamification@0.1.0 start
> next start -p 3000

2025-01-10 10:30:35: 2025-01-10 10:30:40: 
> splus-cert-gamification@0.1.0 start
> next start -p 3000

2025-01-10 10:30:41: 2025-01-10 10:30:46: 
> splus-cert-gamification@0.1.0 start
> next start -p 3000

2025-01-10 10:30:47: 2025-01-10 10:30:52: 
> splus-cert-gamification@0.1.0 start
> next start -p 3000

2025-01-10 10:30:52: 2025-01-10 10:30:58: 
> splus-cert-gamification@0.1.0 start
> next start -p 3000

2025-01-10 10:30:58: 2025-01-10 10:31:03: 
> splus-cert-gamification@0.1.0 start
> next start -p 3000

2025-01-10 10:31:04: 2025-01-10 10:31:09: 
> splus-cert-gamification@0.1.0 start
> next start -p 3000

2025-01-10 10:31:10: 2025-01-10 10:31:15: 
> splus-cert-gamification@0.1.0 start
> next start -p 3000

2025-01-10 10:31:16: 2025-01-10 10:31:21: 
> splus-cert-gamification@0.1.0 start
> next start -p 3000

2025-01-10 10:31:21: 2025-01-10 10:31:27: 
> splus-cert-gamification@0.1.0 start
> next start -p 3000

2025-01-10 10:31:27: 2025-01-10 10:31:32: 
> splus-cert-gamification@0.1.0 start
> next start -p 3000

2025-01-10 10:31:33: 2025-01-10 10:31:38: 
> splus-cert-gamification@0.1.0 start
> next start -p 3000

2025-01-10 10:31:39: 2025-01-10 10:31:44: 
> splus-cert-gamification@0.1.0 start
> next start -p 3000

2025-01-10 10:31:44: 2025-01-10 10:31:50: 
> splus-cert-gamification@0.1.0 start
> next start -p 3000

2025-01-10 10:31:50: 2025-01-10 10:31:56: 
> splus-cert-gamification@0.1.0 start
> next start -p 3000

2025-01-10 10:31:56: 2025-01-10 10:32:02: 
> splus-cert-gamification@0.1.0 start
> next start -p 3000

2025-01-10 10:32:02: 2025-01-10 10:32:08: 
> splus-cert-gamification@0.1.0 start
> next start -p 3000

2025-01-10 10:32:08: 2025-01-10 10:32:13: 
> splus-cert-gamification@0.1.0 start
> next start -p 3000

2025-01-10 10:32:14: 2025-01-10 10:32:19: 
> splus-cert-gamification@0.1.0 start
> next start -p 3000

2025-01-10 10:32:20: 2025-01-10 10:32:25: 
> splus-cert-gamification@0.1.0 start
> next start -p 3000

2025-01-10 10:32:25: 2025-01-10 10:32:31: 
> splus-cert-gamification@0.1.0 start
> next start -p 3000

2025-01-10 10:32:31: 2025-01-10 10:32:37: 
> splus-cert-gamification@0.1.0 start
> next start -p 3000

2025-01-10 10:32:37: 2025-01-10 10:32:42: 
> splus-cert-gamification@0.1.0 start
> next start -p 3000

2025-01-10 10:32:43: 2025-01-10 10:32:48: 
> splus-cert-gamification@0.1.0 start
> next start -p 3000

2025-01-10 10:32:49: 2025-01-10 10:32:54: 
> splus-cert-gamification@0.1.0 start
> next start -p 3000

2025-01-10 10:32:54: 2025-01-10 10:33:00: 
> splus-cert-gamification@0.1.0 start
> next start -p 3000

2025-01-10 10:33:00: 2025-01-10 10:33:06: 
> splus-cert-gamification@0.1.0 start
> next start -p 3000

2025-01-10 10:33:06: 2025-01-10 10:33:11: 
> splus-cert-gamification@0.1.0 start
> next start -p 3000

2025-01-10 10:33:12: 2025-01-10 10:33:17: 
> splus-cert-gamification@0.1.0 start
> next start -p 3000

2025-01-10 10:33:17: 2025-01-10 10:33:23: 
> splus-cert-gamification@0.1.0 start
> next start -p 3000

2025-01-10 10:33:23: 2025-01-10 10:33:28: 
> splus-cert-gamification@0.1.0 start
> next start -p 3000

2025-01-10 10:33:29: 2025-01-10 10:33:34: 
> splus-cert-gamification@0.1.0 start
> next start -p 3000

2025-01-10 10:33:35: 2025-01-10 10:33:40: 
> splus-cert-gamification@0.1.0 start
> next start -p 3000

2025-01-10 10:33:40: 2025-01-10 10:33:46: 
> splus-cert-gamification@0.1.0 start
> next start -p 3000

2025-01-10 10:33:46: 2025-01-10 10:33:51: 
> splus-cert-gamification@0.1.0 start
> next start -p 3000

2025-01-10 10:33:52: 2025-01-10 10:33:57: 
> splus-cert-gamification@0.1.0 start
> next start -p 3000

2025-01-10 10:33:58: 2025-01-10 10:34:03: 
> splus-cert-gamification@0.1.0 start
> next start -p 3000

2025-01-10 10:34:03: 2025-01-10 10:34:09: 
> splus-cert-gamification@0.1.0 start
> next start -p 3000

2025-01-10 10:34:09: 2025-01-10 10:34:14: 
> splus-cert-gamification@0.1.0 start
> next start -p 3000

2025-01-10 10:34:15: 2025-01-10 10:34:20: 
> splus-cert-gamification@0.1.0 start
> next start -p 3000

2025-01-10 10:34:21: 2025-01-10 10:34:26: 
> splus-cert-gamification@0.1.0 start
> next start -p 3000

2025-01-10 10:34:26: 2025-01-10 10:34:32: 
> splus-cert-gamification@0.1.0 start
> next start -p 3000

2025-01-10 10:34:32: 2025-01-10 10:34:38: 
> splus-cert-gamification@0.1.0 start
> next start -p 3000

2025-01-10 10:34:38: 2025-01-10 10:34:43: 
> splus-cert-gamification@0.1.0 start
> next start -p 3000

2025-01-10 10:34:44: 2025-01-10 10:34:49: 
> splus-cert-gamification@0.1.0 start
> next start -p 3000

2025-01-10 10:34:49: 2025-01-10 10:34:55: 
> splus-cert-gamification@0.1.0 start
> next start -p 3000

2025-01-10 10:34:55: 2025-01-10 10:35:01: 
> splus-cert-gamification@0.1.0 start
> next start -p 3000

2025-01-10 10:35:01: 2025-01-10 10:35:06: 
> splus-cert-gamification@0.1.0 start
> next start -p 3000

2025-01-10 10:35:07: 2025-01-10 10:35:12: 
> splus-cert-gamification@0.1.0 start
> next start -p 3000

2025-01-10 10:35:13: 2025-01-10 10:35:18: 
> splus-cert-gamification@0.1.0 start
> next start -p 3000

2025-01-10 10:35:18: 2025-01-10 10:35:24: 
> splus-cert-gamification@0.1.0 start
> next start -p 3000

2025-01-10 10:35:24: 2025-01-10 10:35:29: 
> splus-cert-gamification@0.1.0 start
> next start -p 3000

2025-01-10 10:35:30: 2025-01-10 10:35:35: 
> splus-cert-gamification@0.1.0 start
> next start -p 3000

2025-01-10 10:35:36: 2025-01-10 10:35:41: 
> splus-cert-gamification@0.1.0 start
> next start -p 3000

2025-01-10 10:35:41: 2025-01-10 10:35:47: 
> splus-cert-gamification@0.1.0 start
> next start -p 3000

2025-01-10 10:35:47: 2025-01-10 10:35:52: 
> splus-cert-gamification@0.1.0 start
> next start -p 3000

2025-01-10 10:35:53: 2025-01-10 10:35:58: 
> splus-cert-gamification@0.1.0 start
> next start -p 3000

2025-01-10 10:35:59: 2025-01-10 10:36:04: 
> splus-cert-gamification@0.1.0 start
> next start -p 3000

2025-01-10 10:36:04: 2025-01-10 10:36:10: 
> splus-cert-gamification@0.1.0 start
> next start -p 3000

2025-01-10 10:36:10: 2025-01-10 10:36:16: 
> splus-cert-gamification@0.1.0 start
> next start -p 3000

2025-01-10 10:36:16: 2025-01-10 10:36:21: 
> splus-cert-gamification@0.1.0 start
> next start -p 3000

2025-01-10 10:36:22: 2025-01-10 10:36:27: 
> splus-cert-gamification@0.1.0 start
> next start -p 3000

2025-01-10 10:36:27: 2025-01-10 10:36:33: 
> splus-cert-gamification@0.1.0 start
> next start -p 3000

2025-01-10 10:36:33: 2025-01-10 10:36:39: 
> splus-cert-gamification@0.1.0 start
> next start -p 3000

2025-01-10 10:36:39: 2025-01-10 10:36:44: 
> splus-cert-gamification@0.1.0 start
> next start -p 3000

2025-01-10 10:36:45: 2025-01-10 10:36:50: 
> splus-cert-gamification@0.1.0 start
> next start -p 3000

2025-01-10 10:36:50: 2025-01-10 10:36:56: 
> splus-cert-gamification@0.1.0 start
> next start -p 3000

2025-01-10 10:36:56: 2025-01-10 10:37:02: 
> splus-cert-gamification@0.1.0 start
> next start -p 3000

2025-01-10 10:37:02: 2025-01-10 10:37:08: 
> splus-cert-gamification@0.1.0 start
> next start -p 3000

2025-01-10 10:37:08: 2025-01-10 10:37:14: 
> splus-cert-gamification@0.1.0 start
> next start -p 3000

2025-01-10 10:37:14: 2025-01-10 10:37:19: 
> splus-cert-gamification@0.1.0 start
> next start -p 3000

2025-01-10 10:37:20: 2025-01-10 10:37:25: 
> splus-cert-gamification@0.1.0 start
> next start -p 3000

2025-01-10 10:37:26: 2025-01-10 10:37:31: 
> splus-cert-gamification@0.1.0 start
> next start -p 3000

2025-01-10 10:37:32: 2025-01-10 10:37:37: 
> splus-cert-gamification@0.1.0 start
> next start -p 3000

2025-01-10 10:37:38: 2025-01-10 10:37:43: 
> splus-cert-gamification@0.1.0 start
> next start -p 3000

2025-01-10 10:37:44: 2025-01-10 10:37:49: 
> splus-cert-gamification@0.1.0 start
> next start -p 3000

2025-01-10 10:37:50: 2025-01-10 10:37:55: 
> splus-cert-gamification@0.1.0 start
> next start -p 3000

2025-01-10 10:37:56: 2025-01-10 10:38:02: 
> splus-cert-gamification@0.1.0 start
> next start -p 3000

2025-01-10 10:38:02: 2025-01-10 10:38:08: 
> splus-cert-gamification@0.1.0 start
> next start -p 3000

2025-01-10 10:38:08: 2025-01-10 10:38:14: 
> splus-cert-gamification@0.1.0 start
> next start -p 3000

2025-01-10 10:38:14: 2025-01-10 10:38:20: 
> splus-cert-gamification@0.1.0 start
> next start -p 3000

2025-01-10 10:38:21: 2025-01-10 10:38:26: 
> splus-cert-gamification@0.1.0 start
> next start -p 3000

2025-01-10 10:38:27: 2025-01-10 10:38:32: 
> splus-cert-gamification@0.1.0 start
> next start -p 3000

2025-01-10 10:38:33: 2025-01-10 10:38:38: 
> splus-cert-gamification@0.1.0 start
> next start -p 3000

2025-01-10 10:38:39: 2025-01-10 10:38:45: 
> splus-cert-gamification@0.1.0 start
> next start -p 3000

2025-01-10 10:38:45: 2025-01-10 10:38:51: 
> splus-cert-gamification@0.1.0 start
> next start -p 3000

2025-01-10 10:38:51: 2025-01-10 10:38:57: 
> splus-cert-gamification@0.1.0 start
> next start -p 3000

2025-01-10 10:38:57: 2025-01-10 10:39:03: 
> splus-cert-gamification@0.1.0 start
> next start -p 3000

2025-01-10 10:39:04: 2025-01-10 10:39:09: 
> splus-cert-gamification@0.1.0 start
> next start -p 3000

2025-01-10 10:39:10: 2025-01-10 10:39:15: 
> splus-cert-gamification@0.1.0 start
> next start -p 3000

2025-01-10 10:39:16: 2025-01-10 10:39:21: 
> splus-cert-gamification@0.1.0 start
> next start -p 3000

2025-01-10 10:39:22: 2025-01-10 10:39:28: 
> splus-cert-gamification@0.1.0 start
> next start -p 3000

2025-01-10 10:39:28: 2025-01-10 10:39:34: 
> splus-cert-gamification@0.1.0 start
> next start -p 3000

2025-01-10 10:39:34: 2025-01-10 10:39:40: 
> splus-cert-gamification@0.1.0 start
> next start -p 3000

2025-01-10 10:39:40: 2025-01-10 10:39:46: 
> splus-cert-gamification@0.1.0 start
> next start -p 3000

2025-01-10 10:39:46: 2025-01-10 10:39:52: 
> splus-cert-gamification@0.1.0 start
> next start -p 3000

2025-01-10 10:39:52: 2025-01-10 10:39:58: 
> splus-cert-gamification@0.1.0 start
> next start -p 3000

2025-01-10 10:39:58: 2025-01-10 10:40:04: 
> splus-cert-gamification@0.1.0 start
> next start -p 3000

2025-01-10 10:40:04: 2025-01-10 10:40:10: 
> splus-cert-gamification@0.1.0 start
> next start -p 3000

2025-01-10 10:40:10: 2025-01-10 10:40:15: 
> splus-cert-gamification@0.1.0 start
> next start -p 3000

2025-01-10 10:40:16: 2025-01-10 10:40:21: 
> splus-cert-gamification@0.1.0 start
> next start -p 3000

2025-01-10 10:40:22: 2025-01-10 10:40:27: 
> splus-cert-gamification@0.1.0 start
> next start -p 3000

2025-01-10 10:40:28: 2025-01-10 10:40:34: 
> splus-cert-gamification@0.1.0 start
> next start -p 3000

2025-01-10 10:40:34: 2025-01-10 10:40:40: 
> splus-cert-gamification@0.1.0 start
> next start -p 3000

2025-01-10 10:40:40: 2025-01-10 10:40:46: 
> splus-cert-gamification@0.1.0 start
> next start -p 3000

2025-01-10 10:40:46: 2025-01-10 10:40:52: 
> splus-cert-gamification@0.1.0 start
> next start -p 3000

2025-01-10 10:40:52: 2025-01-10 10:40:58: 
> splus-cert-gamification@0.1.0 start
> next start -p 3000

2025-01-10 10:40:58: 2025-01-10 10:41:04: 
> splus-cert-gamification@0.1.0 start
> next start -p 3000

2025-01-10 10:41:04: 2025-01-10 10:41:10: 
> splus-cert-gamification@0.1.0 start
> next start -p 3000

2025-01-10 10:41:11: 2025-01-10 10:41:16: 
> splus-cert-gamification@0.1.0 start
> next start -p 3000

2025-01-10 10:41:16: 2025-01-10 10:41:22: 
> splus-cert-gamification@0.1.0 start
> next start -p 3000

2025-01-10 10:41:23: 2025-01-10 10:41:28: 
> splus-cert-gamification@0.1.0 start
> next start -p 3000

2025-01-10 10:41:28: 2025-01-10 10:41:34: 
> splus-cert-gamification@0.1.0 start
> next start -p 3000

2025-01-10 10:41:34: 2025-01-10 10:41:40: 
> splus-cert-gamification@0.1.0 start
> next start -p 3000

2025-01-10 10:41:40: 2025-01-10 10:41:46: 
> splus-cert-gamification@0.1.0 start
> next start -p 3000

2025-01-10 10:41:46: 2025-01-10 10:41:52: 
> splus-cert-gamification@0.1.0 start
> next start -p 3000

2025-01-10 10:41:52: 2025-01-10 10:41:58: 
> splus-cert-gamification@0.1.0 start
> next start -p 3000

2025-01-10 10:41:58: 2025-01-10 10:42:04: 
> splus-cert-gamification@0.1.0 start
> next start -p 3000

2025-01-10 10:42:05: 2025-01-10 10:42:10: 
> splus-cert-gamification@0.1.0 start
> next start -p 3000

2025-01-10 10:42:11: 2025-01-10 10:42:16: 
> splus-cert-gamification@0.1.0 start
> next start -p 3000

2025-01-10 10:42:17: 2025-01-10 10:42:22: 
> splus-cert-gamification@0.1.0 start
> next start -p 3000

2025-01-10 10:42:23: 2025-01-10 10:42:28: 
> splus-cert-gamification@0.1.0 start
> next start -p 3000

2025-01-10 10:42:29: 2025-01-10 10:42:34: 
> splus-cert-gamification@0.1.0 start
> next start -p 3000

2025-01-10 10:42:35: 2025-01-10 10:42:40: 
> splus-cert-gamification@0.1.0 start
> next start -p 3000

2025-01-10 10:42:41: 2025-01-10 10:42:46: 
> splus-cert-gamification@0.1.0 start
> next start -p 3000

2025-01-10 10:42:47: 2025-01-10 10:42:52: 
> splus-cert-gamification@0.1.0 start
> next start -p 3000

2025-01-10 10:42:53: 2025-01-10 10:42:58: 
> splus-cert-gamification@0.1.0 start
> next start -p 3000

2025-01-10 10:42:58: 2025-01-10 10:43:04: 
> splus-cert-gamification@0.1.0 start
> next start -p 3000

2025-01-10 10:43:04: 2025-01-10 10:43:10: 
> splus-cert-gamification@0.1.0 start
> next start -p 3000

2025-01-10 10:43:10: 2025-01-10 10:43:15: 
> splus-cert-gamification@0.1.0 start
> next start -p 3000

2025-01-10 10:43:16: 2025-01-10 10:43:21: 
> splus-cert-gamification@0.1.0 start
> next start -p 3000

2025-01-10 10:43:21: 2025-01-10 10:43:27: 
> splus-cert-gamification@0.1.0 start
> next start -p 3000

2025-01-10 10:43:27: 2025-01-10 10:43:34: 
> splus-cert-gamification@0.1.0 start
> next start -p 3000

2025-01-10 13:46:51: 
> splus-cert-gamification@0.1.0 start
> next start -p 3000

2025-01-10 13:46:52: 2025-01-10 13:46:57: 
> splus-cert-gamification@0.1.0 start
> next start -p 3000

2025-01-10 13:46:58: 2025-01-10 13:47:03: 
> splus-cert-gamification@0.1.0 start
> next start -p 3000

2025-01-10 13:47:04: 2025-01-10 13:47:09: 
> splus-cert-gamification@0.1.0 start
> next start -p 3000

2025-01-10 13:47:10: 2025-01-10 13:47:15: 
> splus-cert-gamification@0.1.0 start
> next start -p 3000

2025-01-10 13:47:16: 2025-01-13 03:48:59: 
> splus-cert-gamification@0.1.0 start
> next start -p 3000

2025-01-13 03:49:00: 2025-01-13 03:49:06: 
> splus-cert-gamification@0.1.0 start
> next start -p 3000

2025-01-13 03:49:07: 2025-01-13 03:49:12: 
> splus-cert-gamification@0.1.0 start
> next start -p 3000

2025-01-13 03:49:13: 2025-02-18 00:22:29:   [1m[38;2;173;127;168m  Next.js 14.1.0[39m[22m
2025-02-18 00:22:29:    - Local:        http://localhost:3000
2025-02-18 00:22:29: 
2025-02-18 00:22:36:   [1m[38;2;173;127;168m  Next.js 14.1.0[39m[22m
2025-02-18 00:22:36:    - Local:        http://localhost:3000
2025-02-18 00:22:36: 
2025-02-18 00:23:04:     Next.js 14.1.0
2025-02-18 00:23:04:    - Local:        http://localhost:3000
2025-02-18 00:23:04: 
2025-02-18 00:23:10:     Next.js 14.1.0
2025-02-18 00:23:10:    - Local:        http://localhost:3000
2025-02-18 00:23:10: 
